0 info it worked if it ends with ok
1 verbose cli [ 'C:\\Program Files\\nodejs\\node.exe',
1 verbose cli   'C:\\Users\\jh\\.npm-packages\\node_modules\\npm\\bin\\npm-cli.js',
1 verbose cli   'start' ]
2 info using npm@4.1.2
3 info using node@v6.9.5
4 verbose run-script [ 'prestart', 'start', 'poststart' ]
5 info lifecycle mongodb-persistence-example@0.0.1~prestart: mongodb-persistence-example@0.0.1
6 silly lifecycle mongodb-persistence-example@0.0.1~prestart: no script for prestart, continuing
7 info lifecycle mongodb-persistence-example@0.0.1~start: mongodb-persistence-example@0.0.1
8 verbose lifecycle mongodb-persistence-example@0.0.1~start: unsafe-perm in lifecycle true
9 verbose lifecycle mongodb-persistence-example@0.0.1~start: PATH: C:\Users\jh\.npm-packages\node_modules\npm\bin\node-gyp-bin;C:\Users\jh\work\ng1\exmongo\node_modules\.bin;C:\Users\jh\.npm-packages;C:\Users\jh\.npm-packages\bin;C:\Ruby23-x64\bin;C:\Python27;C:\Users\jh\AppData\Local\Programs\Git\mingw64\bin;C:\Users\jh\AppData\Local\Programs\Git\usr\bin;C:\Users\jh\bin;C:\Program Files (x86)\AMD APP\bin\x86_64;C:\Program Files (x86)\AMD APP\bin\x86;C:\Program Files\Common Files\Microsoft Shared\Windows Live;C:\Program Files (x86)\Common Files\Microsoft Shared\Windows Live;C:\WINDOWS\system32;C:\WINDOWS;C:\WINDOWS\System32\Wbem;C:\WINDOWS\System32\WindowsPowerShell\v1.0;C:\Program Files (x86)\ATI Technologies\ATI.ACE\Core-Static;C:\Program Files\Intel\WiFi\bin;C:\Program Files\Common Files\Intel\WirelessCommon;C:\Program Files (x86)\Common Files\Roxio Shared\DLLShared;C:\Program Files (x86)\Common Files\Roxio Shared\OEM\DLLShared;C:\Program Files (x86)\Common Files\Roxio Shared\OEM\12.0\DLLShared;C:\Program Files (x86)\Roxio\OEM\AudioCore;C:\Program Files (x86)\Windows Live\Shared;C:\Users\jh\bin;C:\Users\jh\bin\bat;%ANT_HOME%\bin;C:\Program Files (x86)\GnuWin32\bin;C:\Program Files\Java\jdk1.8.0_121\bin;C:\Program Files (x86)\Google\google_appengineC;C:\Users\jh\AppData\Local\Programs\Git\Program Files (x86)\QuickTime\QTSystem;C:\Program Files (x86)\Intel\OpenCL SDK\2.0\bin\x86;C:\Program Files (x86)\Intel\OpenCL SDK\2.0\bin\x64;C:\Program Files (x86)\Yarn\bin;C:\Users\jh\AppData\Local\Programs\Git\cmd;C:\WINDOWS\system32\config\systemprofile\.dnx\bin;C:\Program Files\Microsoft DNX\Dnvm;C:\Program Files\Microsoft SQL Server\130\Tools\Binn;C:\Program Files (x86)\Windows Kits\8.1\Windows Performance Toolkit;C:\Program Files\nodejs;C:\Users\jh\AppData\Local\Google\Chrome SxS\Application;C:\Program Files (x86)\AMD APP\bin\x86_64;C:\Program Files (x86)\AMD APP\bin\x86;C:\Program Files\Common Files\Microsoft Shared\Windows Live;C:\Program Files (x86)\Common Files\Microsoft Shared\Windows Live;C:\windows\system32;C:\windows;C:\windows\System32\Wbem;C:\windows\System32\WindowsPowerShell\v1.0;C:\Program Files (x86)\ATI Technologies\ATI.ACE\Core-Static;C:\Program Files\Intel\WiFi\bin;C:\Program Files\Common Files\Intel\WirelessCommon;C:\Program Files (x86)\Common Files\Roxio Shared\DLLShared;C:\Program Files (x86)\Common Files\Roxio Shared\OEM\DLLShared;C:\Program Files (x86)\Common Files\Roxio Shared\OEM\12.0\DLLShared;C:\Program Files (x86)\Roxio\OEM\AudioCore;C:\Program Files (x86)\Windows Live\Shared;C:\Users\jh\bin;C:\Users\jh\bin\bat;C:\Users\jh\tools\ant\bin;C:\Program Files (x86)\GnuWin32\bin;C:\Program Files (x86)\Java\jdk1.7.0_02\bin;C:\Program Files (x86)\Calibre2;C:\Program Files (x86)\Google\google_appengineC;C:\Users\jh\AppData\Local\Programs\Git\Program File;C:\Program Files (x86)\Microsoft VS Code\bin;C:\Users\jh\.npm-packages;C:\Users\jh\AppData\Local\Yarn\.bin;C:\Users\jh\AppData\Local\Android\sdk\tools;C:\Users\jh\AppData\Local\Android\sdk\platform-tools;C:\Users\jh\AppData\Roaming\npm;~\scripts
10 verbose lifecycle mongodb-persistence-example@0.0.1~start: CWD: C:\Users\jh\work\ng1\exmongo
11 silly lifecycle mongodb-persistence-example@0.0.1~start: Args: [ '/d /s /c', 'node server.js' ]
12 silly lifecycle mongodb-persistence-example@0.0.1~start: Returned: code: 1  signal: null
13 info lifecycle mongodb-persistence-example@0.0.1~start: Failed to exec start script
14 verbose stack Error: mongodb-persistence-example@0.0.1 start: `node server.js`
14 verbose stack Exit status 1
14 verbose stack     at EventEmitter.<anonymous> (C:\Users\jh\.npm-packages\node_modules\npm\lib\utils\lifecycle.js:279:16)
14 verbose stack     at emitTwo (events.js:106:13)
14 verbose stack     at EventEmitter.emit (events.js:191:7)
14 verbose stack     at ChildProcess.<anonymous> (C:\Users\jh\.npm-packages\node_modules\npm\lib\utils\spawn.js:40:14)
14 verbose stack     at emitTwo (events.js:106:13)
14 verbose stack     at ChildProcess.emit (events.js:191:7)
14 verbose stack     at maybeClose (internal/child_process.js:877:16)
14 verbose stack     at Process.ChildProcess._handle.onexit (internal/child_process.js:226:5)
15 verbose pkgid mongodb-persistence-example@0.0.1
16 verbose cwd C:\Users\jh\work\ng1\exmongo
17 error Windows_NT 10.0.14393
18 error argv "C:\\Program Files\\nodejs\\node.exe" "C:\\Users\\jh\\.npm-packages\\node_modules\\npm\\bin\\npm-cli.js" "start"
19 error node v6.9.5
20 error npm  v4.1.2
21 error code ELIFECYCLE
22 error mongodb-persistence-example@0.0.1 start: `node server.js`
22 error Exit status 1
23 error Failed at the mongodb-persistence-example@0.0.1 start script 'node server.js'.
23 error Make sure you have the latest version of node.js and npm installed.
23 error If you do, this is most likely a problem with the mongodb-persistence-example package,
23 error not with npm itself.
23 error Tell the author that this fails on your system:
23 error     node server.js
23 error You can get information on how to open an issue for this project with:
23 error     npm bugs mongodb-persistence-example
23 error Or if that isn't available, you can get their info via:
23 error     npm owner ls mongodb-persistence-example
23 error There is likely additional logging output above.
24 verbose exit [ 1, true ]
